d:\project2starter\project2starter\x64\debug\vc141.pdb
d:\project2starter\project2starter\x64\debug\vc141.idb
d:\project2starter\project2starter\x64\debug\parser.obj
d:\project2starter\project2starter\x64\debug\executive.obj
d:\project2starter\project2starter\x64\debug\configureparser.obj
d:\project2starter\project2starter\x64\debug\actionsandrules.obj
d:\project2starter\project2starter\x64\debug\utilities.obj
d:\project2starter\project2starter\x64\debug\toker.obj
d:\project2starter\project2starter\x64\debug\semi.obj
d:\project2starter\project2starter\x64\debug\scopestack.obj
d:\project2starter\project2starter\x64\debug\logger.obj
d:\project2starter\project2starter\x64\debug\grammarhelpers.obj
d:\project2starter\project2starter\x64\debug\filesystem.obj
d:\project2starter\project2starter\x64\debug\dependency.obj
d:\project2starter\project2starter\x64\debug\abstrsyntree.obj
d:\project2starter\x64\debug\project2starter.ilk
d:\project2starter\x64\debug\project2starter.exe
d:\project2starter\x64\debug\project2starter.pdb
d:\project2starter\project2starter\x64\debug\project2starter.tlog\cl.command.1.tlog
d:\project2starter\project2starter\x64\debug\project2starter.tlog\cl.read.1.tlog
d:\project2starter\project2starter\x64\debug\project2starter.tlog\cl.write.1.tlog
d:\project2starter\project2starter\x64\debug\project2starter.tlog\link.command.1.tlog
d:\project2starter\project2starter\x64\debug\project2starter.tlog\link.read.1.tlog
d:\project2starter\project2starter\x64\debug\project2starter.tlog\link.write.1.tlog
