d:\programdata\project2starter\parser\debug\parser.pdb
d:\programdata\project2starter\parser\debug\parser.idb
d:\programdata\project2starter\parser\debug\parser.obj
d:\programdata\project2starter\parser\debug\configureparser.obj
d:\programdata\project2starter\parser\debug\actionsandrules.obj
d:\programdata\project2starter\parser\debug\utilities.obj
d:\programdata\project2starter\parser\debug\toker.obj
d:\programdata\project2starter\parser\debug\semi.obj
d:\programdata\project2starter\parser\debug\scopestack.obj
d:\programdata\project2starter\parser\debug\logger.obj
d:\programdata\project2starter\parser\debug\grammarhelpers.obj
d:\programdata\project2starter\parser\debug\filesystem.obj
d:\programdata\project2starter\parser\debug\abstrsyntree.obj
d:\programdata\project2starter\debug\parser.lib
c:\users\jfawc\desktop\cppparser\debug\parser.ilk
c:\users\jfawc\desktop\cppparser\debug\parser.exe
c:\users\jfawc\desktop\cppparser\debug\parser.pdb
d:\programdata\project2starter\parser\debug\parser.tlog\cl.command.1.tlog
d:\programdata\project2starter\parser\debug\parser.tlog\cl.read.1.tlog
d:\programdata\project2starter\parser\debug\parser.tlog\cl.write.1.tlog
d:\programdata\project2starter\parser\debug\parser.tlog\lib-link.read.1.tlog
d:\programdata\project2starter\parser\debug\parser.tlog\lib-link.write.1.tlog
d:\programdata\project2starter\parser\debug\parser.tlog\lib.command.1.tlog
d:\programdata\project2starter\parser\debug\parser.tlog\link.command.1.tlog
d:\programdata\project2starter\parser\debug\parser.tlog\link.read.1.tlog
d:\programdata\project2starter\parser\debug\parser.tlog\link.write.1.tlog
