d:\project2starter\parser\x64\debug\parser.pdb
d:\project2starter\parser\x64\debug\parser.idb
d:\project2starter\parser\x64\debug\parser.obj
d:\project2starter\parser\x64\debug\configureparser.obj
d:\project2starter\parser\x64\debug\actionsandrules.obj
d:\project2starter\parser\x64\debug\utilities.obj
d:\project2starter\parser\x64\debug\toker.obj
d:\project2starter\parser\x64\debug\semi.obj
d:\project2starter\parser\x64\debug\scopestack.obj
d:\project2starter\parser\x64\debug\logger.obj
d:\project2starter\parser\x64\debug\grammarhelpers.obj
d:\project2starter\parser\x64\debug\filesystem.obj
d:\project2starter\parser\x64\debug\abstrsyntree.obj
d:\project2starter\x64\debug\parser.lib
d:\project2starter\x64\debug\parser.pdb
d:\project2starter\parser\x64\debug\parser.tlog\cl.command.1.tlog
d:\project2starter\parser\x64\debug\parser.tlog\cl.read.1.tlog
d:\project2starter\parser\x64\debug\parser.tlog\cl.write.1.tlog
d:\project2starter\parser\x64\debug\parser.tlog\lib-link.read.1.tlog
d:\project2starter\parser\x64\debug\parser.tlog\lib-link.write.1.tlog
d:\project2starter\parser\x64\debug\parser.tlog\lib.command.1.tlog
