d:\programdata\project2starter\project2starter\debug\vc141.pdb
d:\programdata\project2starter\project2starter\debug\vc141.idb
d:\programdata\project2starter\project2starter\debug\parser.obj
d:\programdata\project2starter\project2starter\debug\executive.obj
d:\programdata\project2starter\project2starter\debug\configureparser.obj
d:\programdata\project2starter\project2starter\debug\actionsandrules.obj
d:\programdata\project2starter\project2starter\debug\utilities.obj
d:\programdata\project2starter\project2starter\debug\toker.obj
d:\programdata\project2starter\project2starter\debug\semi.obj
d:\programdata\project2starter\project2starter\debug\scopestack.obj
d:\programdata\project2starter\project2starter\debug\logger.obj
d:\programdata\project2starter\project2starter\debug\grammarhelpers.obj
d:\programdata\project2starter\project2starter\debug\filesystem.obj
d:\programdata\project2starter\project2starter\debug\dependency.obj
d:\programdata\project2starter\project2starter\debug\abstrsyntree.obj
c:\users\jfawc\desktop\cppparser\debug\project2starter.exe
c:\users\jfawc\desktop\cppparser\debug\project2starter.ilk
c:\users\jfawc\desktop\cppparser\debug\project2starter.pdb
d:\programdata\project2starter\debug\project2starter.ilk
d:\programdata\project2starter\debug\project2starter.exe
d:\programdata\project2starter\debug\project2starter.pdb
d:\programdata\project2starter\project2starter\debug\project2starter.tlog\cl.command.1.tlog
d:\programdata\project2starter\project2starter\debug\project2starter.tlog\cl.read.1.tlog
d:\programdata\project2starter\project2starter\debug\project2starter.tlog\cl.write.1.tlog
d:\programdata\project2starter\project2starter\debug\project2starter.tlog\link.command.1.tlog
d:\programdata\project2starter\project2starter\debug\project2starter.tlog\link.read.1.tlog
d:\programdata\project2starter\project2starter\debug\project2starter.tlog\link.write.1.tlog
