c:\users\yanji\desktop\proj3wpf\parser\debug\parser.pdb
c:\users\yanji\desktop\proj3wpf\parser\debug\parser.idb
c:\users\yanji\desktop\proj3wpf\parser\debug\parser.obj
c:\users\yanji\desktop\proj3wpf\parser\debug\configureparser.obj
c:\users\yanji\desktop\proj3wpf\parser\debug\actionsandrules.obj
c:\users\yanji\desktop\proj3wpf\parser\debug\utilities.obj
c:\users\yanji\desktop\proj3wpf\parser\debug\toker.obj
c:\users\yanji\desktop\proj3wpf\parser\debug\semi.obj
c:\users\yanji\desktop\proj3wpf\parser\debug\scopestack.obj
c:\users\yanji\desktop\proj3wpf\parser\debug\logger.obj
c:\users\yanji\desktop\proj3wpf\parser\debug\grammarhelpers.obj
c:\users\yanji\desktop\proj3wpf\parser\debug\filesystem.obj
c:\users\yanji\desktop\proj3wpf\parser\debug\abstrsyntree.obj
c:\users\yanji\desktop\proj3wpf\debug\parser.lib
c:\users\yanji\desktop\proj3wpf\parser\debug\parser.tlog\cl.command.1.tlog
c:\users\yanji\desktop\proj3wpf\parser\debug\parser.tlog\cl.read.1.tlog
c:\users\yanji\desktop\proj3wpf\parser\debug\parser.tlog\cl.write.1.tlog
c:\users\yanji\desktop\proj3wpf\parser\debug\parser.tlog\lib-link.read.1.tlog
c:\users\yanji\desktop\proj3wpf\parser\debug\parser.tlog\lib-link.write.1.tlog
c:\users\yanji\desktop\proj3wpf\parser\debug\parser.tlog\lib.command.1.tlog
